<?xml version="1.0" encoding="UTF-8"?>
<testsuite name="pl.data.model.classes.LangtonCellTest" tests="1" skipped="0" failures="0" errors="0" timestamp="2016-04-04T18:22:02" hostname="Talik" time="0.003">
  <properties/>
  <testcase name="testNextState" classname="pl.data.model.classes.LangtonCellTest" time="0.003"/>
  <system-out><![CDATA[]]></system-out>
  <system-err><![CDATA[]]></system-err>
</testsuite>
