<?xml version="1.0" encoding="UTF-8"?>
<testsuite name="pl.data.model.classes.Coords2DTest" tests="1" skipped="0" failures="0" errors="0" timestamp="2016-04-04T18:22:02" hostname="Talik" time="0.0">
  <properties/>
  <testcase name="testEqualsAndToClone" classname="pl.data.model.classes.Coords2DTest" time="0.0"/>
  <system-out><![CDATA[]]></system-out>
  <system-err><![CDATA[]]></system-err>
</testsuite>
