<?xml version="1.0" encoding="UTF-8"?>
<testsuite name="pl.data.model.classes.GameOfLifeTest" tests="3" skipped="0" failures="0" errors="0" timestamp="2016-04-04T18:22:02" hostname="Talik" time="0.01">
  <properties/>
  <testcase name="newStateTest" classname="pl.data.model.classes.GameOfLifeTest" time="0.001"/>
  <testcase name="nextStateSquareTest" classname="pl.data.model.classes.GameOfLifeTest" time="0.004"/>
  <testcase name="nextStateOscillatorTest" classname="pl.data.model.classes.GameOfLifeTest" time="0.003"/>
  <system-out><![CDATA[]]></system-out>
  <system-err><![CDATA[]]></system-err>
</testsuite>
