<?xml version="1.0" encoding="UTF-8"?>
<testsuite name="pl.data.model.classes.LangtonAntTest" tests="4" skipped="0" failures="0" errors="0" timestamp="2016-04-04T18:22:02" hostname="Talik" time="0.012">
  <properties/>
  <testcase name="newStateWith1AntTest" classname="pl.data.model.classes.LangtonAntTest" time="0.004"/>
  <testcase name="newStateWithMoreThan1AntTest" classname="pl.data.model.classes.LangtonAntTest" time="0.001"/>
  <testcase name="nextStateWith1AntTest" classname="pl.data.model.classes.LangtonAntTest" time="0.002"/>
  <testcase name="nextStateWith2AntsTest" classname="pl.data.model.classes.LangtonAntTest" time="0.003"/>
  <system-out><![CDATA[]]></system-out>
  <system-err><![CDATA[]]></system-err>
</testsuite>
